<?xml version="1.0" encoding="UTF-8"?>
<testsuite xmlns:xsi="http://www.w3.org/2001/XMLSchema-instance" xsi:noNamespaceSchemaLocation="https://maven.apache.org/surefire/maven-surefire-plugin/xsd/surefire-test-report-3.0.xsd" version="3.0" name="edu.yu.da.FindMinyanTest" time="0.086" tests="28" errors="0" skipped="0" failures="0">
  <properties>
[...]
</properties>
  <testcase name="TestBackTrack" classname="edu.yu.da.FindMinyanTest" time="0.024"/>
  <testcase name="haveToPassThroughOnePoin12" classname="edu.yu.da.FindMinyanTest" time="0"/>
  <testcase name="haveToPassThroughOnePoin13" classname="edu.yu.da.FindMinyanTest" time="0.001"/>
  <testcase name="TestBFs2" classname="edu.yu.da.FindMinyanTest" time="0.001"/>
  <testcase name="TestChoosesShortestPath" classname="edu.yu.da.FindMinyanTest" time="0.001"/>
  <testcase name="NoSolutionTestDueToNoMinyan" classname="edu.yu.da.FindMinyanTest" time="0.001"/>
  <testcase name="singleLengthPath" classname="edu.yu.da.FindMinyanTest" time="0.001"/>
  <testcase name="NeedPossibleBackTrackButDOntUseIt" classname="edu.yu.da.FindMinyanTest" time="0.001"/>
  <testcase name="testBackTrackMiddle2" classname="edu.yu.da.FindMinyanTest" time="0.001"/>
  <testcase name="testBackTrackMiddle3" classname="edu.yu.da.FindMinyanTest" time="0.001"/>
  <testcase name="testBackTrackMiddle4" classname="edu.yu.da.FindMinyanTest" time="0.001"/>
  <testcase name="testBackTrackMiddle5" classname="edu.yu.da.FindMinyanTest" time="0.001"/>
  <testcase name="testBackTrackMiddle6" classname="edu.yu.da.FindMinyanTest" time="0"/>
  <testcase name="notesTest1" classname="edu.yu.da.FindMinyanTest" time="0"/>
  <testcase name="notesTest2" classname="edu.yu.da.FindMinyanTest" time="0"/>
  <testcase name="TESTALLTHESame2" classname="edu.yu.da.FindMinyanTest" time="0.001"/>
  <testcase name="TestBFS3EvenPathsOneLonger" classname="edu.yu.da.FindMinyanTest" time="0.001"/>
  <testcase name="testBackTrackMiddle" classname="edu.yu.da.FindMinyanTest" time="0"/>
  <testcase name="testAddHighWayArgs" classname="edu.yu.da.FindMinyanTest" time="0.003"/>
  <testcase name="havingtoBackTrack" classname="edu.yu.da.FindMinyanTest" time="0"/>
  <testcase name="failAddingDuplicate" classname="edu.yu.da.FindMinyanTest" time="0"/>
  <testcase name="TestBFs" classname="edu.yu.da.FindMinyanTest" time="0"/>
  <testcase name="NeedtoBackTrackOnceInBeginningEvenThoughClearPath" classname="edu.yu.da.FindMinyanTest" time="0"/>
  <testcase name="havingtoBackTrackWith0" classname="edu.yu.da.FindMinyanTest" time="0"/>
  <testcase name="testTriangleStructure" classname="edu.yu.da.FindMinyanTest" time="0.001"/>
  <testcase name="haveToPassThroughOnePoint" classname="edu.yu.da.FindMinyanTest" time="0.001"/>
  <testcase name="testFindMinyanConstructorInvalidArgs" classname="edu.yu.da.FindMinyanTest" time="0.001"/>
  <testcase name="TESTALLTHESame" classname="edu.yu.da.FindMinyanTest" time="0.001"/>
</testsuite>