<?xml version="1.0" encoding="UTF-8"?>
<testsuite xmlns:xsi="http://www.w3.org/2001/XMLSchema-instance" xsi:noNamespaceSchemaLocation="https://maven.apache.org/surefire/maven-surefire-plugin/xsd/surefire-test-report-3.0.xsd" version="3.0" name="edu.yu.da.tests.OverfullGranariesTest" time="0.071" tests="12" errors="0" skipped="0" failures="0">
  <properties>
[...]
</properties>
  <testcase name="Verticies3AllFLowingIntoSources" classname="edu.yu.da.tests.OverfullGranariesTest" time="0.038"/>
  <testcase name="sequentialMaxFlowTest" classname="edu.yu.da.tests.OverfullGranariesTest" time="0.001"/>
  <testcase name="Verticies3AllFLowingIntoSourcesYFLowToEachOTher" classname="edu.yu.da.tests.OverfullGranariesTest" time="0.001"/>
  <testcase name="slides2Test" classname="edu.yu.da.tests.OverfullGranariesTest" time="0.001"/>
  <testcase name="randomTest" classname="edu.yu.da.tests.OverfullGranariesTest" time="0.001"/>
  <testcase name="BasicTest" classname="edu.yu.da.tests.OverfullGranariesTest" time="0"/>
  <testcase name="linearTestMiddleMan" classname="edu.yu.da.tests.OverfullGranariesTest" time="0"/>
  <testcase name="sequentialMaxFlowTestButShortCutToReduceTime" classname="edu.yu.da.tests.OverfullGranariesTest" time="0"/>
  <testcase name="maxFlow2Test" classname="edu.yu.da.tests.OverfullGranariesTest" time="0"/>
  <testcase name="addUnkownNodePassesThroughITTest" classname="edu.yu.da.tests.OverfullGranariesTest" time="0"/>
  <testcase name="addUnknownNodeNotConnectedTest" classname="edu.yu.da.tests.OverfullGranariesTest" time="0.001"/>
  <testcase name="slidesMaxFlowTest" classname="edu.yu.da.tests.OverfullGranariesTest" time="0.001"/>
</testsuite>