-------------------------------------------------------------------------------
Test set: edu.yu.introtoalgs.BTKeysAtSameLevelTest
-------------------------------------------------------------------------------
Tests run: 16, Failures: 1, Errors: 0, Skipped: 0, Time elapsed: 0.034 s <<< FAILURE! - in edu.yu.introtoalgs.BTKeysAtSameLevelTest
edu.yu.introtoalgs.BTKeysAtSameLevelTest.testSpeedBigO  Time elapsed: 0.002 s  <<< FAILURE!
java.lang.AssertionError: not yet implemented
	at edu.yu.introtoalgs.BTKeysAtSameLevelTest.testSpeedBigO(BTKeysAtSameLevelTest.java:50)

