<?xml version="1.0" encoding="UTF-8"?>
<testsuite xmlns:xsi="http://www.w3.org/2001/XMLSchema-instance" xsi:noNamespaceSchemaLocation="https://maven.apache.org/surefire/maven-surefire-plugin/xsd/surefire-test-report-3.0.xsd" version="3.0" name="edu.yu.introtoalgs.BTKeysAtSameLevelTest" time="0.034" tests="16" errors="0" skipped="0" failures="1">
  <properties>
[...]
</properties>
  <testcase name="unrelatedTest" classname="edu.yu.introtoalgs.BTKeysAtSameLevelTest" time="0.005">
    <system-out><![CDATA[4
]]></system-out>
  </testcase>
  <testcase name="basicTest" classname="edu.yu.introtoalgs.BTKeysAtSameLevelTest" time="0.001"/>
  <testcase name="errorTest11" classname="edu.yu.introtoalgs.BTKeysAtSameLevelTest" time="0">
    <system-out><![CDATA[check if error thrown when have 3 children to a node
Error test 11 ends
]]></system-out>
  </testcase>
  <testcase name="errorTest12" classname="edu.yu.introtoalgs.BTKeysAtSameLevelTest" time="0">
    <system-out><![CDATA[check if error thrown when have 2 numbers next to eachother. Tests for double digits everywhere
error test ends
]]></system-out>
  </testcase>
  <testcase name="errorTest13" classname="edu.yu.introtoalgs.BTKeysAtSameLevelTest" time="0">
    <system-out><![CDATA[check if error thrown when have 2 numbers next to eachother. Tests for double digits everywhere
error test ends
]]></system-out>
  </testcase>
  <testcase name="basicTest2" classname="edu.yu.introtoalgs.BTKeysAtSameLevelTest" time="0.002"/>
  <testcase name="testSpeedBigO" classname="edu.yu.introtoalgs.BTKeysAtSameLevelTest" time="0.002">
    <failure type="java.lang.AssertionError"><![CDATA[java.lang.AssertionError: not yet implemented
	at edu.yu.introtoalgs.BTKeysAtSameLevelTest.testSpeedBigO(BTKeysAtSameLevelTest.java:50)
]]></failure>
  </testcase>
  <testcase name="errorhjfhjk" classname="edu.yu.introtoalgs.BTKeysAtSameLevelTest" time="0.001"/>
  <testcase name="testEmptyString" classname="edu.yu.introtoalgs.BTKeysAtSameLevelTest" time="0">
    <system-out><![CDATA[[]
]]></system-out>
  </testcase>
  <testcase name="computeTest11" classname="edu.yu.introtoalgs.BTKeysAtSameLevelTest" time="0.001">
    <system-out><![CDATA[4.13
[[1], [3, 2]] returned value
[[1], [3, 2]] expected value
]]></system-out>
  </testcase>
  <testcase name="computeTest12" classname="edu.yu.introtoalgs.BTKeysAtSameLevelTest" time="0.004">
    <system-out><![CDATA[test given tree which has 3 nodes each the child of the other
[[1], [3], [2]] returned value
[[1], [3], [2]] expected value
computeTest 1.2 ends
]]></system-out>
  </testcase>
  <testcase name="computeTest13" classname="edu.yu.introtoalgs.BTKeysAtSameLevelTest" time="0.001">
    <system-out><![CDATA[test given tree which has 2 children and then 1 left child has 1 child and right has 2
[[1], [3, 2], [4, 9, 7]] returned value
[[1], [3, 2], [4, 9, 7]] expected value
Compute test13 ends
]]></system-out>
  </testcase>
  <testcase name="computeTest14" classname="edu.yu.introtoalgs.BTKeysAtSameLevelTest" time="0.001">
    <system-out><![CDATA[


[[1], [2, 5], [3, 4, 2, 3]]



]]></system-out>
  </testcase>
  <testcase name="demoTest" classname="edu.yu.introtoalgs.BTKeysAtSameLevelTest" time="0.001"/>
  <testcase name="testnotValidStr" classname="edu.yu.introtoalgs.BTKeysAtSameLevelTest" time="0">
    <system-out><![CDATA[[[1], [2, 3], [9]]
]]></system-out>
  </testcase>
  <testcase name="testBlankString" classname="edu.yu.introtoalgs.BTKeysAtSameLevelTest" time="0.001">
    <system-out><![CDATA[[]
]]></system-out>
  </testcase>
</testsuite>