<?xml version="1.0" encoding="UTF-8"?>
<testsuite xmlns:xsi="http://www.w3.org/2001/XMLSchema-instance" xsi:noNamespaceSchemaLocation="https://maven.apache.org/surefire/maven-surefire-plugin/xsd/surefire-test-report-3.0.xsd" version="3.0" name="edu.yu.da.tests.DamConstructionTest" time="0.117" tests="19" errors="0" skipped="2" failures="0">
  <properties>
[...]
</properties>
  <testcase name="testSolveWithSingleDam" classname="edu.yu.da.tests.DamConstructionTest" time="0.061"/>
  <testcase name="negativeDamLocation" classname="edu.yu.da.tests.DamConstructionTest" time="0.005"/>
  <testcase name="testSolveDemo" classname="edu.yu.da.tests.DamConstructionTest" time="0.002"/>
  <testcase name="testQuirkyTestDemo7" classname="edu.yu.da.tests.DamConstructionTest" time="0">
    <skipped message="void edu.yu.da.tests.DamConstructionTest.testQuirkyTestDemo7() is @Disabled"/>
  </testcase>
  <testcase name="testCostDemo" classname="edu.yu.da.tests.DamConstructionTest" time="0.006"/>
  <testcase name="testCostDemo2" classname="edu.yu.da.tests.DamConstructionTest" time="0.001"/>
  <testcase name="testCostDemo3" classname="edu.yu.da.tests.DamConstructionTest" time="0.001"/>
  <testcase name="testCostDemo4" classname="edu.yu.da.tests.DamConstructionTest" time="0"/>
  <testcase name="testCostDemo5" classname="edu.yu.da.tests.DamConstructionTest" time="0"/>
  <testcase name="testCostDemo6" classname="edu.yu.da.tests.DamConstructionTest" time="0"/>
  <testcase name="testCostDemo7" classname="edu.yu.da.tests.DamConstructionTest" time="0.001"/>
  <testcase name="testQuirkyDemo6" classname="edu.yu.da.tests.DamConstructionTest" time="0">
    <skipped message="void edu.yu.da.tests.DamConstructionTest.testQuirkyDemo6() is @Disabled"/>
  </testcase>
  <testcase name="testCutDemo1" classname="edu.yu.da.tests.DamConstructionTest" time="0.001"/>
  <testcase name="testCutDemo2" classname="edu.yu.da.tests.DamConstructionTest" time="0"/>
  <testcase name="testEmptyDamLocations" classname="edu.yu.da.tests.DamConstructionTest" time="0.001"/>
  <testcase name="testCutDemo12" classname="edu.yu.da.tests.DamConstructionTest" time="0.001"/>
  <testcase name="testCutDemo21" classname="edu.yu.da.tests.DamConstructionTest" time="0.001"/>
  <testcase name="testCutDemo22" classname="edu.yu.da.tests.DamConstructionTest" time="0"/>
  <testcase name="testToolargeDamLocation" classname="edu.yu.da.tests.DamConstructionTest" time="0.001"/>
</testsuite>